\BOOKMARK [1][-]{section.1}{\376\377\000I\000n\000t\000r\000o\000d\000u\000c\000c\000i\000\363\000n}{}% 1
\BOOKMARK [2][-]{subsection.1.1}{\376\377\000S\000R\000G\000A\000N}{section.1}% 2
\BOOKMARK [1][-]{section.2}{\376\377\000A\000n\000t\000e\000c\000e\000d\000e\000n\000t\000e\000s}{}% 3
\BOOKMARK [2][-]{subsection.2.1}{\376\377\000I\000n\000t\000e\000r\000p\000o\000l\000a\000c\000i\000\363\000n}{section.2}% 4
\BOOKMARK [2][-]{subsection.2.2}{\376\377\000E\000x\000a\000m\000p\000l\000e\000\040\000B\000a\000s\000e\000d\000\040\000S\000u\000p\000e\000r\000\040\000R\000e\000s\000o\000l\000u\000t\000i\000o\000n}{section.2}% 5
\BOOKMARK [3][-]{subsubsection.2.2.1}{\376\377\000D\000i\000c\000c\000i\000o\000n\000a\000r\000i\000o}{subsection.2.2}% 6
\BOOKMARK [3][-]{subsubsection.2.2.2}{\376\377\000A\000l\000g\000o\000r\000i\000t\000m\000o\000\040\000d\000e\000\040\000p\000r\000e\000d\000i\000c\000c\000i\000\363\000n}{subsection.2.2}% 7
\BOOKMARK [3][-]{subsubsection.2.2.3}{\376\377\000I\000m\000a\000g\000e\000n\000\040\000d\000e\000\040\000a\000l\000t\000a\000\040\000r\000e\000s\000o\000l\000u\000c\000i\000\363\000n}{subsection.2.2}% 8
\BOOKMARK [2][-]{subsection.2.3}{\376\377\000R\000e\000d\000e\000s\000\040\000n\000e\000u\000r\000o\000n\000a\000l\000e\000s}{section.2}% 9
\BOOKMARK [2][-]{subsection.2.4}{\376\377\000R\000e\000d\000e\000s\000\040\000C\000o\000n\000v\000o\000l\000u\000c\000i\000o\000n\000a\000l\000e\000s}{section.2}% 10
\BOOKMARK [3][-]{subsubsection.2.4.1}{\376\377\000C\000o\000n\000v\000o\000l\000u\000c\000i\000o\000n}{subsection.2.4}% 11
\BOOKMARK [3][-]{subsubsection.2.4.2}{\376\377\000D\000e\000c\000e\000n\000s\000o\000\040\000d\000e\000l\000\040\000g\000r\000a\000d\000i\000e\000n\000t\000e}{subsection.2.4}% 12
\BOOKMARK [3][-]{subsubsection.2.4.3}{\376\377\000O\000p\000t\000i\000m\000i\000z\000a\000d\000o\000r\000\040\000A\000d\000a\000m\000\040\000\050\000E\000s\000t\000i\000m\000a\000c\000i\000\363\000n\000\040\000A\000d\000a\000p\000t\000i\000v\000a\000\040\000d\000e\000\040\000M\000o\000m\000e\000n\000t\000o\000s\000\051}{subsection.2.4}% 13
\BOOKMARK [3][-]{subsubsection.2.4.4}{\376\377\000E\000r\000r\000o\000r\000\040\000C\000u\000a\000d\000r\000\341\000t\000i\000c\000o\000\040\000M\000e\000d\000i\000o\000\040\000\050\000M\000S\000E\000\051}{subsection.2.4}% 14
\BOOKMARK [2][-]{subsection.2.5}{\376\377\000S\000R\000G\000A\000N}{section.2}% 15
\BOOKMARK [3][-]{subsubsection.2.5.1}{\376\377\000C\000o\000m\000p\000o\000n\000e\000n\000t\000e\000s\000.}{subsection.2.5}% 16
\BOOKMARK [3][-]{subsubsection.2.5.2}{\376\377\000F\000u\000n\000c\000i\000o\000n\000e\000s\000\040\000d\000e\000\040\000p\000e\000r\000d\000i\000d\000a\000.}{subsection.2.5}% 17
\BOOKMARK [3][-]{subsubsection.2.5.3}{\376\377\000F\000u\000n\000c\000i\000\363\000n\000\040\000d\000e\000\040\000a\000c\000t\000i\000v\000a\000c\000i\000\363\000n\000.}{subsection.2.5}% 18
\BOOKMARK [2][-]{subsection.2.6}{\376\377\000R\000e\000d\000\040\000N\000e\000u\000r\000o\000n\000a\000l\000\040\000C\000o\000n\000v\000o\000l\000u\000c\000i\000o\000n\000a\000l\000\040\000d\000e\000\040\000S\000u\000p\000e\000r\000\040\000R\000e\000s\000o\000l\000u\000c\000i\000\363\000n\000:\000\040\000\050\000S\000R\000C\000N\000N\000\040\000p\000o\000r\000\040\000s\000u\000s\000\040\000s\000i\000g\000l\000a\000s\000\040\000e\000n\000\040\000i\000n\000g\000l\000\351\000s\000\051}{section.2}% 19
\BOOKMARK [1][-]{section.3}{\376\377\000I\000m\000p\000l\000e\000m\000e\000n\000t\000a\000c\000i\000\363\000n}{}% 20
\BOOKMARK [2][-]{subsection.3.1}{\376\377\000E\000x\000a\000m\000p\000l\000e\000-\000B\000a\000s\000e\000d\000\040\000S\000u\000p\000e\000r\000-\000R\000e\000s\000o\000l\000u\000t\000i\000o\000n}{section.3}% 21
\BOOKMARK [2][-]{subsection.3.2}{\376\377\000I\000m\000p\000l\000e\000m\000e\000n\000t\000a\000c\000i\000\363\000n\000\040\000S\000R\000G\000A\000N}{section.3}% 22
\BOOKMARK [3][-]{subsubsection.3.2.1}{\376\377\000E\000n\000t\000r\000e\000n\000a\000m\000i\000e\000n\000t\000o}{subsection.3.2}% 23
\BOOKMARK [1][-]{section.4}{\376\377\000R\000e\000s\000u\000l\000t\000a\000d\000o\000s}{}% 24
\BOOKMARK [1][-]{section.5}{\376\377\000D\000i\000s\000c\000u\000s\000i\000\363\000n}{}% 25
\BOOKMARK [1][-]{section.6}{\376\377\000C\000o\000n\000c\000l\000u\000s\000i\000o\000n\000e\000s}{}% 26
